2017-11-03 11:58:01Controller:app\Controller\IndexController  action:index
2017-11-03 11:58:01Controller:app\Controller\ImagesController  action:4.jpg
2017-11-03 11:58:01Controller:app\Controller\ImagesController  action:6.jpg
2017-11-03 11:58:01Controller:app\Controller\ImagesController  action:8.jpg
2017-11-03 11:58:01Controller:app\Controller\ImagesController  action:7.jpg
2017-11-03 11:58:01Controller:app\Controller\ImagesController  action:5.jpg
2017-11-03 11:58:01Controller:app\Controller\ImagesController  action:3.jpg
2017-11-03 11:59:01Controller:app\Controller\IndexController  action:index
2017-11-03 12:05:50Controller:app\Controller\IndexController  action:index
2017-11-03 12:06:07Controller:app\Controller\IndexController  action:index
2017-11-03 12:07:19Controller:app\Controller\IndexController  action:index
2017-11-03 12:08:37Controller:app\Controller\IndexController  action:index
2017-11-03 12:09:19Controller:app\Controller\IndexController  action:index
2017-11-03 12:15:29Controller:app\Controller\IndexController  action:index
2017-11-03 12:16:03Controller:app\Controller\IndexController  action:index
2017-11-03 12:16:07Controller:app\Controller\IndexController  action:get_city
2017-11-03 12:16:58Controller:app\Controller\IndexController  action:get_city
2017-11-03 12:18:57Controller:app\Controller\IndexController  action:index
2017-11-03 12:19:01Controller:app\Controller\IndexController  action:get_city
2017-11-03 12:19:34Controller:app\Controller\IndexController  action:index
2017-11-03 12:19:37Controller:app\Controller\IndexController  action:get_city
2017-11-03 12:19:48Controller:app\Controller\IndexController  action:get_city
2017-11-03 12:19:51Controller:app\Controller\IndexController  action:get_city
2017-11-03 12:19:59Controller:app\Controller\IndexController  action:get_city
2017-11-03 12:23:11Controller:app\Controller\IndexController  action:index
2017-11-03 12:23:18Controller:app\Controller\IndexController  action:get_city
2017-11-03 12:23:31Controller:app\Controller\IndexController  action:index
2017-11-03 12:23:35Controller:app\Controller\IndexController  action:get_city
2017-11-03 12:23:43Controller:app\Controller\IndexController  action:submitContect
2017-11-03 12:56:28Controller:app\Controller\IndexController  action:index
2017-11-03 12:56:31Controller:app\Controller\IndexController  action:get_city
2017-11-03 12:56:37Controller:app\Controller\IndexController  action:submitContect
2017-11-03 12:56:41Controller:app\Controller\IndexController  action:get_city
2017-11-03 12:57:02Controller:app\Controller\IndexController  action:index
2017-11-03 12:57:09Controller:app\Controller\IndexController  action:get_city
2017-11-03 12:57:15Controller:app\Controller\IndexController  action:submitContect
2017-11-03 12:57:49Controller:app\Controller\IndexController  action:index
2017-11-03 12:57:57Controller:app\Controller\IndexController  action:get_city
2017-11-03 12:57:59Controller:app\Controller\IndexController  action:submitContect
2017-11-03 12:58:12Controller:app\Controller\IndexController  action:get_city
2017-11-03 12:58:16Controller:app\Controller\IndexController  action:submitContect
2017-11-03 12:59:00Controller:app\Controller\IndexController  action:submitContect
2017-11-03 12:59:10Controller:app\Controller\IndexController  action:submitContect
2017-11-03 12:59:33Controller:app\Controller\IndexController  action:submitContect
2017-11-03 12:59:53Controller:app\Controller\IndexController  action:submitContect
2017-11-03 13:00:18Controller:app\Controller\IndexController  action:submitContect
2017-11-03 13:00:26Controller:app\Controller\IndexController  action:submitContect
2017-11-03 13:00:28Controller:app\Controller\IndexController  action:index
2017-11-03 13:01:47Controller:app\Controller\AdminController  action:index
2017-11-03 13:02:17Controller:app\Controller\AdminController  action:index
2017-11-03 13:02:19Controller:app\Controller\AdminController  action:orderList
2017-11-03 13:03:31Controller:app\Controller\AdminController  action:orderList
2017-11-03 13:03:44Controller:app\Controller\AdminController  action:orderList
2017-11-03 13:05:15Controller:app\Controller\AdminController  action:orderList
2017-11-03 13:05:59Controller:app\Controller\AdminController  action:orderList
2017-11-03 13:06:20Controller:app\Controller\AdminController  action:orderList
2017-11-03 13:07:28Controller:app\Controller\AdminController  action:orderList
2017-11-03 13:08:28Controller:app\Controller\AdminController  action:orderList
2017-11-03 13:08:58Controller:app\Controller\AdminController  action:orderList
2017-11-03 13:10:40Controller:app\Controller\AdminController  action:orderList
2017-11-03 13:12:53Controller:app\Controller\AdminController  action:orderList
2017-11-03 13:13:02Controller:app\Controller\AdminController  action:orderList
2017-11-03 13:13:12Controller:app\Controller\AdminController  action:orderList
2017-11-03 13:13:21Controller:app\Controller\AdminController  action:downloadOrder
2017-11-03 13:14:18Controller:app\Controller\AdminController  action:downloadOrder
2017-11-03 13:15:19Controller:app\Controller\AdminController  action:downloadOrder
2017-11-03 13:15:43Controller:app\Controller\AdminController  action:downloadOrder
2017-11-03 13:16:00Controller:app\Controller\AdminController  action:orderList
2017-11-03 13:16:12Controller:app\Controller\AdminController  action:orderList
2017-11-03 13:16:17Controller:app\Controller\AdminController  action:orderList
2017-11-03 13:16:28Controller:app\Controller\AdminController  action:orderList
2017-11-03 13:16:29Controller:app\Controller\AdminController  action:downloadOrder
2017-11-03 13:16:57Controller:app\Controller\AdminController  action:downloadOrder
2017-11-03 13:17:37Controller:app\Controller\AdminController  action:downloadOrder
2017-11-03 13:19:42Controller:app\Controller\AdminController  action:downloadOrder
2017-11-04 13:57:34Controller:app\Controller\IndexController  action:index
2017-11-04 14:06:55Controller:app\Controller\IndexController  action:index
2017-11-04 14:06:55Controller:app\Controller\CssController  action:main.css
2017-11-04 14:06:55Controller:app\Controller\CssController  action:jquery.min.js
2017-11-04 14:08:33Controller:app\Controller\IndexController  action:index
2017-11-04 14:08:34Controller:app\Controller\CssController  action:main.css
2017-11-04 14:08:34Controller:app\Controller\CssController  action:jquery.min.js
2017-11-04 14:09:25Controller:app\Controller\IndexController  action:submitContect
2017-11-04 14:09:27Controller:app\Controller\IndexController  action:index
2017-11-04 14:09:27Controller:app\Controller\CssController  action:main.css
2017-11-04 14:09:27Controller:app\Controller\CssController  action:jquery.min.js
2017-11-04 14:09:34Controller:app\Controller\IndexController  action:index
2017-11-04 14:09:34Controller:app\Controller\CssController  action:main.css
2017-11-04 14:09:34Controller:app\Controller\CssController  action:jquery.min.js
2017-11-04 14:09:42Controller:app\Controller\IndexController  action:submitContect
2017-11-04 14:09:44Controller:app\Controller\IndexController  action:index
2017-11-04 14:09:44Controller:app\Controller\CssController  action:main.css
2017-11-04 14:09:44Controller:app\Controller\CssController  action:jquery.min.js
2017-11-04 14:10:22Controller:app\Controller\IndexController  action:submitContect
2017-11-04 14:10:34Controller:app\Controller\AdminController  action:index
2017-11-04 14:10:34Controller:app\Controller\CommonController  action:login
2017-11-04 14:10:34Controller:app\Controller\ResourceController  action:images
2017-11-04 14:10:34Controller:app\Controller\ResourceController  action:images
2017-11-04 14:10:54Controller:app\Controller\CommonController  action:login
2017-11-04 14:10:54Controller:app\Controller\ResourceController  action:images
2017-11-04 14:11:07Controller:app\Controller\CommonController  action:login
2017-11-04 14:11:07Controller:app\Controller\AdminController  action:index
2017-11-04 14:11:09Controller:app\Controller\AdminController  action:orderList
2017-11-04 14:12:54Controller:app\Controller\AdminController  action:orderList
2017-11-04 14:13:15Controller:app\Controller\AdminController  action:orderList
2017-11-04 14:13:23Controller:app\Controller\AdminController  action:orderList
2017-11-04 14:13:44Controller:app\Controller\AdminController  action:orderList
2017-11-04 14:14:08Controller:app\Controller\AdminController  action:orderList
2017-11-04 14:14:12Controller:app\Controller\AdminController  action:orderList
2017-11-04 14:14:14Controller:app\Controller\AdminController  action:orderList
2017-11-04 14:14:20Controller:app\Controller\AdminController  action:orderList
2017-11-04 14:14:22Controller:app\Controller\AdminController  action:downloadOrder
2017-11-04 14:15:51Controller:app\Controller\AdminController  action:orderList
2017-11-04 14:15:54Controller:app\Controller\AdminController  action:downloadOrder
2018-03-09 15:48:41Controller:app\Controller\IndexController  action:index
2018-03-09 15:49:05Controller:app\Controller\IndexController  action:index
2018-03-09 15:49:05Controller:app\Controller\CssController  action:main.css
2018-03-09 15:49:05Controller:app\Controller\CssController  action:jquery.min.js
2018-03-09 15:49:10Controller:app\Controller\IndexController  action:submitContect
2018-03-09 15:49:23Controller:app\Controller\AdminController  action:index
2018-03-09 15:49:24Controller:app\Controller\CommonController  action:login
2018-03-09 15:49:24Controller:app\Controller\ResourceController  action:images
2018-03-09 15:49:47Controller:app\Controller\CommonController  action:login
2018-03-09 15:49:48Controller:app\Controller\CommonController  action:login
2018-03-09 15:49:48Controller:app\Controller\CommonController  action:login
2018-03-09 15:50:03Controller:app\Controller\CommonController  action:login
2018-03-09 15:50:05Controller:app\Controller\AdminController  action:index
2018-03-09 15:50:05Controller:app\Controller\CommonController  action:login
2018-03-09 15:51:02Controller:app\Controller\CommonController  action:login
2018-03-09 15:51:05Controller:app\Controller\AdminController  action:index
2018-03-09 15:51:05Controller:app\Controller\CommonController  action:login
2018-03-09 15:51:36Controller:app\Controller\CommonController  action:login
2018-03-09 15:51:37Controller:app\Controller\CommonController  action:login
2018-03-09 15:51:37Controller:app\Controller\CommonController  action:login
2018-03-09 15:51:37Controller:app\Controller\CommonController  action:login
2018-03-09 15:51:37Controller:app\Controller\CommonController  action:login
2018-03-09 15:51:49Controller:app\Controller\CommonController  action:login
2018-03-09 15:51:50Controller:app\Controller\AdminController  action:index
2018-03-09 15:51:50Controller:app\Controller\CommonController  action:login
2018-03-09 15:54:41Controller:app\Controller\CommonController  action:login
2018-03-09 15:54:42Controller:app\Controller\CommonController  action:login
2018-03-09 15:54:42Controller:app\Controller\CommonController  action:login
2018-03-09 15:54:42Controller:app\Controller\CommonController  action:login
2018-03-09 15:54:52Controller:app\Controller\CommonController  action:login
2018-03-09 15:54:53Controller:app\Controller\AdminController  action:index
2018-03-09 15:54:53Controller:app\Controller\CommonController  action:login
2018-03-09 15:55:35Controller:app\Controller\IndexController  action:index
2018-03-09 15:55:35Controller:app\Controller\CssController  action:jquery.min.js
2018-03-09 15:55:35Controller:app\Controller\CssController  action:main.css
2018-03-09 15:55:36Controller:app\Controller\CommonController  action:login
2018-03-09 15:55:40Controller:app\Controller\CommonController  action:login
2018-03-09 15:55:58Controller:app\Controller\CommonController  action:login
2018-03-09 15:55:59Controller:app\Controller\AdminController  action:index
2018-03-09 15:56:00Controller:app\Controller\AdminController  action:orderList
2018-03-09 15:56:01Controller:app\Controller\UserController  action:index
2018-03-09 15:56:02Controller:app\Controller\AdminController  action:orderList
2018-03-09 15:56:10Controller:app\Controller\IndexController  action:index
2018-03-09 15:56:10Controller:app\Controller\CssController  action:jquery.min.js
2018-03-09 15:56:10Controller:app\Controller\CssController  action:main.css
2018-03-09 15:56:22Controller:app\Controller\IndexController  action:submitContect
2018-03-09 15:56:23Controller:app\Controller\IndexController  action:index
2018-03-09 15:56:23Controller:app\Controller\CssController  action:main.css
2018-03-09 15:56:23Controller:app\Controller\CssController  action:jquery.min.js
2018-03-09 15:56:26Controller:app\Controller\AdminController  action:orderList
2018-03-09 15:56:37Controller:app\Controller\IndexController  action:submitContect
2018-03-09 18:55:56Controller:app\Controller\IndexController  action:index
2018-03-09 18:55:58Controller:app\Controller\CssController  action:main.css
2018-03-09 18:56:00Controller:app\Controller\CssController  action:jquery.min.js
2018-03-09 18:56:43Controller:app\Controller\IndexController  action:index
2018-03-09 18:56:43Controller:app\Controller\CssController  action:main.css
2018-03-09 18:56:43Controller:app\Controller\CssController  action:jquery.min.js
2018-03-09 18:57:16Controller:app\Controller\IndexController  action:index
2018-03-09 18:57:17Controller:app\Controller\CssController  action:jquery.min.js
2018-03-09 18:57:17Controller:app\Controller\CssController  action:main.css
2018-03-09 18:57:50Controller:app\Controller\IndexController  action:index
2018-03-09 18:57:51Controller:app\Controller\CssController  action:jquery.min.js
2018-03-09 18:57:51Controller:app\Controller\CssController  action:main.css
2018-03-09 18:58:02Controller:app\Controller\IndexController  action:index
2018-03-09 18:58:03Controller:app\Controller\CssController  action:main.css
2018-03-09 18:58:03Controller:app\Controller\CssController  action:jquery.min.js
2018-03-09 18:59:20Controller:app\Controller\IndexController  action:index
2018-03-09 18:59:20Controller:app\Controller\CssController  action:main.css
2018-03-09 18:59:20Controller:app\Controller\CssController  action:jquery.min.js
2018-03-09 18:59:29Controller:app\Controller\IndexController  action:index
2018-03-09 18:59:29Controller:app\Controller\CssController  action:main.css
2018-03-09 18:59:29Controller:app\Controller\CssController  action:jquery.min.js
2018-03-09 19:00:33Controller:app\Controller\IndexController  action:index
2018-03-09 19:00:34Controller:app\Controller\CssController  action:main.css
2018-03-09 19:00:34Controller:app\Controller\CssController  action:jquery.min.js
2018-03-09 19:02:26Controller:app\Controller\IndexController  action:index
2018-03-09 19:02:26Controller:app\Controller\CssController  action:main.css
2018-03-09 19:02:26Controller:app\Controller\CssController  action:jquery.min.js
2018-03-09 19:02:28Controller:app\Controller\IndexController  action:index
2018-03-09 19:02:29Controller:app\Controller\CssController  action:main.css
2018-03-09 19:02:29Controller:app\Controller\CssController  action:jquery.min.js
2018-03-09 19:03:58Controller:app\Controller\IndexController  action:index
2018-03-09 19:03:58Controller:app\Controller\CssController  action:main.css
2018-03-09 19:03:58Controller:app\Controller\CssController  action:jquery.min.js
2018-03-09 19:04:37Controller:app\Controller\IndexController  action:index
2018-03-09 19:04:37Controller:app\Controller\CssController  action:main.css
2018-03-09 19:04:37Controller:app\Controller\CssController  action:jquery.min.js
2018-03-09 19:04:46Controller:app\Controller\IndexController  action:index
2018-03-09 19:04:46Controller:app\Controller\CssController  action:main.css
2018-03-09 19:04:46Controller:app\Controller\CssController  action:jquery.min.js
2018-03-09 19:04:58Controller:app\Controller\IndexController  action:index
2018-03-09 19:04:58Controller:app\Controller\CssController  action:main.css
2018-03-09 19:04:58Controller:app\Controller\CssController  action:jquery.min.js
2018-03-09 19:05:21Controller:app\Controller\IndexController  action:index
2018-03-09 19:05:21Controller:app\Controller\CssController  action:main.css
2018-03-09 19:05:21Controller:app\Controller\CssController  action:jquery.min.js
2018-03-09 19:06:55Controller:app\Controller\IndexController  action:index
2018-03-09 19:06:56Controller:app\Controller\CssController  action:main.css
2018-03-09 19:06:56Controller:app\Controller\CssController  action:jquery.min.js
2018-03-09 19:09:45Controller:app\Controller\IndexController  action:index
2018-03-09 19:09:45Controller:app\Controller\CssController  action:main.css
2018-03-09 19:09:45Controller:app\Controller\CssController  action:jquery.min.js
2018-03-09 19:09:46Controller:app\Controller\IndexController  action:index
2018-03-09 19:09:46Controller:app\Controller\CssController  action:main.css
2018-03-09 19:09:46Controller:app\Controller\CssController  action:jquery.min.js
2018-03-09 19:09:46Controller:app\Controller\IndexController  action:index
2018-03-09 19:09:46Controller:app\Controller\CssController  action:main.css
2018-03-09 19:09:47Controller:app\Controller\CssController  action:jquery.min.js
2018-03-09 19:09:47Controller:app\Controller\IndexController  action:index
2018-03-09 19:09:47Controller:app\Controller\CssController  action:main.css
2018-03-09 19:09:47Controller:app\Controller\CssController  action:jquery.min.js
2018-03-09 19:09:59Controller:app\Controller\IndexController  action:index
2018-03-09 19:10:00Controller:app\Controller\CssController  action:main.css
2018-03-09 19:10:00Controller:app\Controller\CssController  action:jquery.min.js
2018-03-09 19:10:00Controller:app\Controller\IndexController  action:index
2018-03-09 19:10:00Controller:app\Controller\CssController  action:jquery.min.js
2018-03-09 19:10:00Controller:app\Controller\CssController  action:main.css
2018-03-09 19:10:01Controller:app\Controller\IndexController  action:index
2018-03-09 19:10:01Controller:app\Controller\CssController  action:main.css
2018-03-09 19:10:01Controller:app\Controller\CssController  action:jquery.min.js
2018-03-09 19:10:35Controller:app\Controller\IndexController  action:index
2018-03-09 19:10:35Controller:app\Controller\CssController  action:main.css
2018-03-09 19:10:35Controller:app\Controller\CssController  action:jquery.min.js
2018-03-09 19:10:36Controller:app\Controller\IndexController  action:index
2018-03-09 19:10:36Controller:app\Controller\CssController  action:jquery.min.js
2018-03-09 19:10:36Controller:app\Controller\CssController  action:main.css
2018-03-09 19:10:57Controller:app\Controller\IndexController  action:index
2018-03-09 19:10:57Controller:app\Controller\CssController  action:main.css
2018-03-09 19:10:57Controller:app\Controller\CssController  action:jquery.min.js
2018-03-09 19:10:58Controller:app\Controller\IndexController  action:index
2018-03-09 19:10:58Controller:app\Controller\CssController  action:main.css
2018-03-09 19:10:58Controller:app\Controller\CssController  action:jquery.min.js
2018-03-09 19:10:58Controller:app\Controller\IndexController  action:index
2018-03-09 19:10:58Controller:app\Controller\CssController  action:main.css
2018-03-09 19:10:58Controller:app\Controller\CssController  action:jquery.min.js
2018-03-09 19:11:06Controller:app\Controller\IndexController  action:index
2018-03-09 19:11:06Controller:app\Controller\CssController  action:jquery.min.js
2018-03-09 19:11:06Controller:app\Controller\CssController  action:main.css
2018-03-09 19:11:18Controller:app\Controller\IndexController  action:index
2018-03-09 19:11:19Controller:app\Controller\CssController  action:main.css
2018-03-09 19:11:19Controller:app\Controller\CssController  action:jquery.min.js
2018-03-09 19:11:24Controller:app\Controller\IndexController  action:index
2018-03-09 19:11:25Controller:app\Controller\CssController  action:main.css
2018-03-09 19:11:25Controller:app\Controller\CssController  action:jquery.min.js
2018-03-09 19:11:25Controller:app\Controller\IndexController  action:index
2018-03-09 19:11:25Controller:app\Controller\CssController  action:main.css
2018-03-09 19:11:25Controller:app\Controller\CssController  action:jquery.min.js
2018-03-09 19:11:26Controller:app\Controller\IndexController  action:index
2018-03-09 19:11:26Controller:app\Controller\CssController  action:main.css
2018-03-09 19:11:26Controller:app\Controller\CssController  action:jquery.min.js
2018-03-09 19:12:20Controller:app\Controller\IndexController  action:index
2018-03-09 19:12:20Controller:app\Controller\CssController  action:main.css
2018-03-09 19:12:20Controller:app\Controller\CssController  action:jquery.min.js
2018-03-09 19:12:21Controller:app\Controller\IndexController  action:index
2018-03-09 19:12:21Controller:app\Controller\CssController  action:main.css
2018-03-09 19:12:21Controller:app\Controller\CssController  action:jquery.min.js
2018-03-09 19:12:21Controller:app\Controller\IndexController  action:index
2018-03-09 19:12:21Controller:app\Controller\CssController  action:main.css
2018-03-09 19:12:21Controller:app\Controller\CssController  action:jquery.min.js
2018-03-09 19:12:23Controller:app\Controller\IndexController  action:submitContect
2018-03-09 19:12:43Controller:app\Controller\IndexController  action:index
2018-03-09 19:12:44Controller:app\Controller\CssController  action:main.css
2018-03-09 19:12:44Controller:app\Controller\CssController  action:jquery.min.js
2018-03-09 19:12:44Controller:app\Controller\IndexController  action:index
2018-03-09 19:12:44Controller:app\Controller\CssController  action:main.css
2018-03-09 19:12:44Controller:app\Controller\CssController  action:jquery.min.js
2018-03-09 19:12:55Controller:app\Controller\IndexController  action:index
2018-03-09 19:12:55Controller:app\Controller\CssController  action:jquery.min.js
2018-03-09 19:12:55Controller:app\Controller\CssController  action:main.css
2018-03-09 19:12:56Controller:app\Controller\IndexController  action:index
2018-03-09 19:12:56Controller:app\Controller\CssController  action:main.css
2018-03-09 19:12:56Controller:app\Controller\CssController  action:jquery.min.js
2018-03-09 19:13:11Controller:app\Controller\IndexController  action:index
2018-03-09 19:13:11Controller:app\Controller\CssController  action:main.css
2018-03-09 19:13:11Controller:app\Controller\CssController  action:jquery.min.js
2018-03-09 19:13:12Controller:app\Controller\IndexController  action:index
2018-03-09 19:13:12Controller:app\Controller\CssController  action:main.css
2018-03-09 19:13:12Controller:app\Controller\CssController  action:jquery.min.js
2018-03-09 19:16:01Controller:app\Controller\IndexController  action:index
2018-03-09 19:16:01Controller:app\Controller\CssController  action:main.css
2018-03-09 19:16:01Controller:app\Controller\CssController  action:jquery.min.js
2018-03-09 19:16:09Controller:app\Controller\IndexController  action:index
2018-03-09 19:16:09Controller:app\Controller\CssController  action:main.css
2018-03-09 19:16:09Controller:app\Controller\CssController  action:jquery.min.js
2018-03-09 19:16:16Controller:app\Controller\IndexController  action:index
2018-03-09 19:16:16Controller:app\Controller\CssController  action:main.css
2018-03-09 19:16:16Controller:app\Controller\CssController  action:jquery.min.js
2018-03-09 19:16:31Controller:app\Controller\IndexController  action:index
2018-03-09 19:16:31Controller:app\Controller\CssController  action:main.css
2018-03-09 19:16:31Controller:app\Controller\CssController  action:jquery.min.js
2018-03-09 19:16:52Controller:app\Controller\IndexController  action:index
2018-03-09 19:16:52Controller:app\Controller\CssController  action:main.css
2018-03-09 19:16:52Controller:app\Controller\CssController  action:jquery.min.js
2018-03-09 19:17:01Controller:app\Controller\IndexController  action:index
2018-03-09 19:17:01Controller:app\Controller\CssController  action:main.css
2018-03-09 19:17:01Controller:app\Controller\CssController  action:jquery.min.js
2018-03-09 19:17:09Controller:app\Controller\IndexController  action:index
2018-03-09 19:17:09Controller:app\Controller\CssController  action:jquery.min.js
2018-03-09 19:17:09Controller:app\Controller\CssController  action:main.css
2018-03-09 19:17:20Controller:app\Controller\IndexController  action:index
2018-03-09 19:17:20Controller:app\Controller\CssController  action:main.css
2018-03-09 19:17:20Controller:app\Controller\CssController  action:jquery.min.js
2018-03-09 19:17:21Controller:app\Controller\IndexController  action:index
2018-03-09 19:17:21Controller:app\Controller\CssController  action:main.css
2018-03-09 19:17:21Controller:app\Controller\CssController  action:jquery.min.js
2018-03-09 19:17:21Controller:app\Controller\IndexController  action:index
2018-03-09 19:17:21Controller:app\Controller\CssController  action:jquery.min.js
2018-03-09 19:17:21Controller:app\Controller\CssController  action:main.css
2018-03-09 19:17:23Controller:app\Controller\IndexController  action:index
2018-03-09 19:17:23Controller:app\Controller\CssController  action:main.css
2018-03-09 19:17:23Controller:app\Controller\CssController  action:jquery.min.js
2018-03-09 19:18:26Controller:app\Controller\IndexController  action:index
2018-03-09 19:18:26Controller:app\Controller\CssController  action:main.css
2018-03-09 19:18:26Controller:app\Controller\CssController  action:jquery.min.js
2018-03-09 19:19:00Controller:app\Controller\IndexController  action:index
2018-03-09 19:19:00Controller:app\Controller\CssController  action:jquery.min.js
2018-03-09 19:19:00Controller:app\Controller\CssController  action:main.css
2018-03-09 19:19:01Controller:app\Controller\IndexController  action:index
2018-03-09 19:19:01Controller:app\Controller\CssController  action:main.css
2018-03-09 19:19:01Controller:app\Controller\CssController  action:jquery.min.js
2018-03-09 19:19:01Controller:app\Controller\IndexController  action:index
2018-03-09 19:19:01Controller:app\Controller\CssController  action:jquery.min.js
2018-03-09 19:19:01Controller:app\Controller\CssController  action:main.css
2018-03-09 19:19:23Controller:app\Controller\IndexController  action:index
2018-03-09 19:19:24Controller:app\Controller\CssController  action:main.css
2018-03-09 19:19:24Controller:app\Controller\CssController  action:jquery.min.js
2018-03-09 19:19:38Controller:app\Controller\IndexController  action:index
2018-03-09 19:19:38Controller:app\Controller\CssController  action:main.css
2018-03-09 19:19:38Controller:app\Controller\CssController  action:jquery.min.js
2018-03-09 19:19:49Controller:app\Controller\IndexController  action:index
2018-03-09 19:19:49Controller:app\Controller\CssController  action:main.css
2018-03-09 19:19:49Controller:app\Controller\CssController  action:jquery.min.js
2018-03-09 19:19:50Controller:app\Controller\IndexController  action:index
2018-03-09 19:19:50Controller:app\Controller\CssController  action:main.css
2018-03-09 19:19:50Controller:app\Controller\CssController  action:jquery.min.js
2018-03-09 19:19:50Controller:app\Controller\IndexController  action:index
2018-03-09 19:19:50Controller:app\Controller\CssController  action:jquery.min.js
2018-03-09 19:19:50Controller:app\Controller\CssController  action:main.css
2018-03-09 19:19:51Controller:app\Controller\IndexController  action:index
2018-03-09 19:19:51Controller:app\Controller\CssController  action:main.css
2018-03-09 19:19:51Controller:app\Controller\CssController  action:jquery.min.js
2018-03-09 19:19:52Controller:app\Controller\IndexController  action:index
2018-03-09 19:19:52Controller:app\Controller\CssController  action:main.css
2018-03-09 19:19:52Controller:app\Controller\CssController  action:jquery.min.js
2018-03-09 19:20:11Controller:app\Controller\IndexController  action:index
2018-03-09 19:20:11Controller:app\Controller\CssController  action:jquery.min.js
2018-03-09 19:20:11Controller:app\Controller\CssController  action:main.css
2018-03-09 19:20:25Controller:app\Controller\IndexController  action:index
2018-03-09 19:20:26Controller:app\Controller\CssController  action:main.css
2018-03-09 19:20:26Controller:app\Controller\CssController  action:jquery.min.js
2018-03-09 19:21:20Controller:app\Controller\IndexController  action:index
2018-03-09 19:21:21Controller:app\Controller\CssController  action:main.css
2018-03-09 19:21:21Controller:app\Controller\CssController  action:jquery.min.js
2018-03-09 19:21:25Controller:app\Controller\AdminController  action:orderList
